Determining if the pthread_create exist failed with the following output:
Change Dir: /home/cun/catkin_ws/build/CMakeFiles/CMakeTmp

Run Build Command:"/usr/bin/make" "cmTC_fa07f/fast"
/usr/bin/make -f CMakeFiles/cmTC_fa07f.dir/build.make CMakeFiles/cmTC_fa07f.dir/build
make[1]: Entering directory '/home/cun/catkin_ws/build/CMakeFiles/CMakeTmp'
Building C object CMakeFiles/cmTC_fa07f.dir/CheckSymbolExists.c.o
/usr/bin/cc     -o CMakeFiles/cmTC_fa07f.dir/CheckSymbolExists.c.o   -c /home/cun/catkin_ws/build/CMakeFiles/CMakeTmp/CheckSymbolExists.c
Linking C executable cmTC_fa07f
/usr/bin/cmake -E cmake_link_script CMakeFiles/cmTC_fa07f.dir/link.txt --verbose=1
/usr/bin/cc       CMakeFiles/cmTC_fa07f.dir/CheckSymbolExists.c.o  -o cmTC_fa07f -rdynamic 
CMakeFiles/cmTC_fa07f.dir/CheckSymbolExists.c.o: In function `main':
CheckSymbolExists.c:(.text+0x16): undefined reference to `pthread_create'
collect2: error: ld returned 1 exit status
CMakeFiles/cmTC_fa07f.dir/build.make:97: recipe for target 'cmTC_fa07f' failed
make[1]: *** [cmTC_fa07f] Error 1
make[1]: Leaving directory '/home/cun/catkin_ws/build/CMakeFiles/CMakeTmp'
Makefile:126: recipe for target 'cmTC_fa07f/fast' failed
make: *** [cmTC_fa07f/fast] Error 2

File /home/cun/catkin_ws/build/CMakeFiles/CMakeTmp/CheckSymbolExists.c:
/* */
#include <pthread.h>

int main(int argc, char** argv)
{
  (void)argv;
#ifndef pthread_create
  return ((int*)(&pthread_create))[argc];
#else
  (void)argc;
  return 0;
#endif
}

Determining if the function pthread_create exists in the pthreads failed with the following output:
Change Dir: /home/cun/catkin_ws/build/CMakeFiles/CMakeTmp

Run Build Command:"/usr/bin/make" "cmTC_f406b/fast"
/usr/bin/make -f CMakeFiles/cmTC_f406b.dir/build.make CMakeFiles/cmTC_f406b.dir/build
make[1]: Entering directory '/home/cun/catkin_ws/build/CMakeFiles/CMakeTmp'
Building C object CMakeFiles/cmTC_f406b.dir/CheckFunctionExists.c.o
/usr/bin/cc    -DCHECK_FUNCTION_EXISTS=pthread_create   -o CMakeFiles/cmTC_f406b.dir/CheckFunctionExists.c.o   -c /usr/share/cmake-3.5/Modules/CheckFunctionExists.c
Linking C executable cmTC_f406b
/usr/bin/cmake -E cmake_link_script CMakeFiles/cmTC_f406b.dir/link.txt --verbose=1
/usr/bin/cc   -DCHECK_FUNCTION_EXISTS=pthread_create    CMakeFiles/cmTC_f406b.dir/CheckFunctionExists.c.o  -o cmTC_f406b -rdynamic -lpthreads 
/usr/bin/ld: cannot find -lpthreads
collect2: error: ld returned 1 exit status
CMakeFiles/cmTC_f406b.dir/build.make:97: recipe for target 'cmTC_f406b' failed
make[1]: *** [cmTC_f406b] Error 1
make[1]: Leaving directory '/home/cun/catkin_ws/build/CMakeFiles/CMakeTmp'
Makefile:126: recipe for target 'cmTC_f406b/fast' failed
make: *** [cmTC_f406b/fast] Error 2


Performing C++ SOURCE FILE Test OpenCL_CXX_WORKS failed with the following output:
Change Dir: /home/cun/catkin_ws/build/CMakeFiles/CMakeTmp

Run Build Command:"/usr/bin/make" "cmTC_d3367/fast"
/usr/bin/make -f CMakeFiles/cmTC_d3367.dir/build.make CMakeFiles/cmTC_d3367.dir/build
make[1]: Entering directory '/home/cun/catkin_ws/build/CMakeFiles/CMakeTmp'
Building CXX object CMakeFiles/cmTC_d3367.dir/src.cxx.o
/usr/bin/c++    -I/include/internal  -DBT_USE_DOUBLE_PRECISION -Wall -Wuninitialized -Winit-self -Wunused-function -Wunused-label -Wunused-variable -Wunused-but-set-variable -Wunused-but-set-parameter -Warray-bounds -Wtype-limits -Wreturn-type -Wsequence-point -Wparentheses -Wmissing-braces -Wchar-subscripts -Wswitch -Wwrite-strings -Wenum-compare -Wempty-body -std=c++11 -fopenmp -DOpenCL_CXX_WORKS   -o CMakeFiles/cmTC_d3367.dir/src.cxx.o -c /home/cun/catkin_ws/build/CMakeFiles/CMakeTmp/src.cxx
/home/cun/catkin_ws/build/CMakeFiles/CMakeTmp/src.cxx:2:21: fatal error: CL/cl.hpp: No such file or directory
compilation terminated.
CMakeFiles/cmTC_d3367.dir/build.make:65: recipe for target 'CMakeFiles/cmTC_d3367.dir/src.cxx.o' failed
make[1]: *** [CMakeFiles/cmTC_d3367.dir/src.cxx.o] Error 1
make[1]: Leaving directory '/home/cun/catkin_ws/build/CMakeFiles/CMakeTmp'
Makefile:126: recipe for target 'cmTC_d3367/fast' failed
make: *** [cmTC_d3367/fast] Error 2

Source file was:

#include <CL/cl.hpp>
int main() {
  cl::Context context;
  cl::Platform platform;
  cl::Device device;
  return 0;
}
Determining if the Q_WS_WIN exist failed with the following output:
Change Dir: /home/cun/catkin_ws/build/CMakeFiles/CMakeTmp

Run Build Command:"/usr/bin/make" "cmTC_65f3c/fast"
make[1]: Entering directory '/home/cun/catkin_ws/build/CMakeFiles/CMakeTmp'
/usr/bin/make -f CMakeFiles/cmTC_65f3c.dir/build.make CMakeFiles/cmTC_65f3c.dir/build
make[2]: Entering directory '/home/cun/catkin_ws/build/CMakeFiles/CMakeTmp'
Building CXX object CMakeFiles/cmTC_65f3c.dir/CheckSymbolExists.cxx.o
/usr/bin/c++    -I/usr/include/qt4   -o CMakeFiles/cmTC_65f3c.dir/CheckSymbolExists.cxx.o -c /home/cun/catkin_ws/build/CMakeFiles/CMakeTmp/CheckSymbolExists.cxx
/home/cun/catkin_ws/build/CMakeFiles/CMakeTmp/CheckSymbolExists.cxx: In function ‘int main(int, char**)’:
/home/cun/catkin_ws/build/CMakeFiles/CMakeTmp/CheckSymbolExists.cxx:8:19: error: ‘Q_WS_WIN’ was not declared in this scope
   return ((int*)(&Q_WS_WIN))[argc];
                   ^
CMakeFiles/cmTC_65f3c.dir/build.make:65: recipe for target 'CMakeFiles/cmTC_65f3c.dir/CheckSymbolExists.cxx.o' failed
make[2]: *** [CMakeFiles/cmTC_65f3c.dir/CheckSymbolExists.cxx.o] Error 1
make[2]: Leaving directory '/home/cun/catkin_ws/build/CMakeFiles/CMakeTmp'
Makefile:126: recipe for target 'cmTC_65f3c/fast' failed
make[1]: *** [cmTC_65f3c/fast] Error 2
make[1]: Leaving directory '/home/cun/catkin_ws/build/CMakeFiles/CMakeTmp'

File /home/cun/catkin_ws/build/CMakeFiles/CMakeTmp/CheckSymbolExists.cxx:
/* */
#include <QtCore/qglobal.h>

int main(int argc, char** argv)
{
  (void)argv;
#ifndef Q_WS_WIN
  return ((int*)(&Q_WS_WIN))[argc];
#else
  (void)argc;
  return 0;
#endif
}

Determining if the Q_WS_QWS exist failed with the following output:
Change Dir: /home/cun/catkin_ws/build/CMakeFiles/CMakeTmp

Run Build Command:"/usr/bin/make" "cmTC_56a04/fast"
make[1]: Entering directory '/home/cun/catkin_ws/build/CMakeFiles/CMakeTmp'
/usr/bin/make -f CMakeFiles/cmTC_56a04.dir/build.make CMakeFiles/cmTC_56a04.dir/build
make[2]: Entering directory '/home/cun/catkin_ws/build/CMakeFiles/CMakeTmp'
Building CXX object CMakeFiles/cmTC_56a04.dir/CheckSymbolExists.cxx.o
/usr/bin/c++    -I/usr/include/qt4   -o CMakeFiles/cmTC_56a04.dir/CheckSymbolExists.cxx.o -c /home/cun/catkin_ws/build/CMakeFiles/CMakeTmp/CheckSymbolExists.cxx
/home/cun/catkin_ws/build/CMakeFiles/CMakeTmp/CheckSymbolExists.cxx: In function ‘int main(int, char**)’:
/home/cun/catkin_ws/build/CMakeFiles/CMakeTmp/CheckSymbolExists.cxx:8:19: error: ‘Q_WS_QWS’ was not declared in this scope
   return ((int*)(&Q_WS_QWS))[argc];
                   ^
CMakeFiles/cmTC_56a04.dir/build.make:65: recipe for target 'CMakeFiles/cmTC_56a04.dir/CheckSymbolExists.cxx.o' failed
make[2]: *** [CMakeFiles/cmTC_56a04.dir/CheckSymbolExists.cxx.o] Error 1
make[2]: Leaving directory '/home/cun/catkin_ws/build/CMakeFiles/CMakeTmp'
Makefile:126: recipe for target 'cmTC_56a04/fast' failed
make[1]: *** [cmTC_56a04/fast] Error 2
make[1]: Leaving directory '/home/cun/catkin_ws/build/CMakeFiles/CMakeTmp'

File /home/cun/catkin_ws/build/CMakeFiles/CMakeTmp/CheckSymbolExists.cxx:
/* */
#include <QtCore/qglobal.h>

int main(int argc, char** argv)
{
  (void)argv;
#ifndef Q_WS_QWS
  return ((int*)(&Q_WS_QWS))[argc];
#else
  (void)argc;
  return 0;
#endif
}

Determining if the Q_WS_MAC exist failed with the following output:
Change Dir: /home/cun/catkin_ws/build/CMakeFiles/CMakeTmp

Run Build Command:"/usr/bin/make" "cmTC_27ad6/fast"
make[1]: Entering directory '/home/cun/catkin_ws/build/CMakeFiles/CMakeTmp'
/usr/bin/make -f CMakeFiles/cmTC_27ad6.dir/build.make CMakeFiles/cmTC_27ad6.dir/build
make[2]: Entering directory '/home/cun/catkin_ws/build/CMakeFiles/CMakeTmp'
Building CXX object CMakeFiles/cmTC_27ad6.dir/CheckSymbolExists.cxx.o
/usr/bin/c++    -I/usr/include/qt4   -o CMakeFiles/cmTC_27ad6.dir/CheckSymbolExists.cxx.o -c /home/cun/catkin_ws/build/CMakeFiles/CMakeTmp/CheckSymbolExists.cxx
/home/cun/catkin_ws/build/CMakeFiles/CMakeTmp/CheckSymbolExists.cxx: In function ‘int main(int, char**)’:
/home/cun/catkin_ws/build/CMakeFiles/CMakeTmp/CheckSymbolExists.cxx:8:19: error: ‘Q_WS_MAC’ was not declared in this scope
   return ((int*)(&Q_WS_MAC))[argc];
                   ^
CMakeFiles/cmTC_27ad6.dir/build.make:65: recipe for target 'CMakeFiles/cmTC_27ad6.dir/CheckSymbolExists.cxx.o' failed
make[2]: *** [CMakeFiles/cmTC_27ad6.dir/CheckSymbolExists.cxx.o] Error 1
make[2]: Leaving directory '/home/cun/catkin_ws/build/CMakeFiles/CMakeTmp'
Makefile:126: recipe for target 'cmTC_27ad6/fast' failed
make[1]: *** [cmTC_27ad6/fast] Error 2
make[1]: Leaving directory '/home/cun/catkin_ws/build/CMakeFiles/CMakeTmp'

File /home/cun/catkin_ws/build/CMakeFiles/CMakeTmp/CheckSymbolExists.cxx:
/* */
#include <QtCore/qglobal.h>

int main(int argc, char** argv)
{
  (void)argv;
#ifndef Q_WS_MAC
  return ((int*)(&Q_WS_MAC))[argc];
#else
  (void)argc;
  return 0;
#endif
}

Determining if the include file pgm.h exists failed with the following output:
Change Dir: /home/cun/catkin_ws/build/CMakeFiles/CMakeTmp

Run Build Command:"/usr/bin/make" "cmTC_e0468/fast"
/usr/bin/make -f CMakeFiles/cmTC_e0468.dir/build.make CMakeFiles/cmTC_e0468.dir/build
make[1]: Entering directory '/home/cun/catkin_ws/build/CMakeFiles/CMakeTmp'
Building CXX object CMakeFiles/cmTC_e0468.dir/CheckIncludeFile.cxx.o
/usr/bin/c++      -o CMakeFiles/cmTC_e0468.dir/CheckIncludeFile.cxx.o -c /home/cun/catkin_ws/build/CMakeFiles/CMakeTmp/CheckIncludeFile.cxx
/home/cun/catkin_ws/build/CMakeFiles/CMakeTmp/CheckIncludeFile.cxx:1:17: fatal error: pgm.h: No such file or directory
compilation terminated.
CMakeFiles/cmTC_e0468.dir/build.make:65: recipe for target 'CMakeFiles/cmTC_e0468.dir/CheckIncludeFile.cxx.o' failed
make[1]: *** [CMakeFiles/cmTC_e0468.dir/CheckIncludeFile.cxx.o] Error 1
make[1]: Leaving directory '/home/cun/catkin_ws/build/CMakeFiles/CMakeTmp'
Makefile:126: recipe for target 'cmTC_e0468/fast' failed
make: *** [cmTC_e0468/fast] Error 2


